state 9 contains 1 shift/reduce conflicts

rule 1 (rulesets) never reduced
rule 3 (ruleset) never reduced
rule 4 (words) never reduced
rule 5 (words) never reduced
rule 6 (rule) never reduced
rule 7 (rules) never reduced
rule 8 (rules) never reduced
useless nonterminal ruleset
useless nonterminal words
useless nonterminal rules
useless nonterminal rule

-------- Grammar --------

rule 1 rulesets: rulesets ruleset
rule 2 rulesets: 
rule 3 ruleset: words "{" rules "}"
rule 4 words: WORD words
rule 5 words: words "," WORD
rule 6 rule: WORD ":" words
rule 7 rules: rule ";"
rule 8 rules: rule ";" rules ";"

------- Symbols -------

**Nonterminals, with rules where they appear

  $start (8)
    on right: 
    on left : 
  rulesets (9)
    on right: 1
    on left : 1 2
  ruleset (10)
    on right: 1
    on left : 3
  words (11)
    on right: 3 4 5 6
    on left : 4 5
  rules (12)
    on right: 3 8
    on left : 7 8
  rule (13)
    on right: 7 8
    on left : 6

**Terminals, with rules where they appear

  $end (0) 
  error (1) 
  "{" (2) 3
  "}" (3) 3
  WORD (4) 4 5 6
  "," (5) 5
  ":" (6) 6
  ";" (7) 7 8

--------- State ---------

state 0


  $default      reduce using rule 2 (rulesets)

  rulesets      go to state 1

state 1

   1) rulesets : rulesets _ ruleset

  $end          shift, and go to state 2
  WORD          shift, and go to state 5

  ruleset       go to state 3
  words         go to state 4

state 2


  $end          shift, and go to state 6


state 3

   1) rulesets : rulesets ruleset _

  $default      reduce using rule 1 (rulesets)


state 4

   3) ruleset : words _ "{" rules "}"
   5) words : words _ "," WORD

  "{"           shift, and go to state 7
  ","           shift, and go to state 8


state 5

   4) words : WORD _ words

  WORD          shift, and go to state 5

  words         go to state 9

state 6


  $default      accept


state 7

   3) ruleset : words "{" _ rules "}"

  WORD          shift, and go to state 11

  rules         go to state 10
  rule          go to state 12

state 8

   5) words : words "," _ WORD

  WORD          shift, and go to state 13


state 9

   4) words : WORD words _
   5) words : words _ "," WORD

  ","           shift, and go to state 8
  ","           [reduce using rule 4 (words)]
  $default      reduce using rule 4 (words)


state 10

   3) ruleset : words "{" rules _ "}"

  "}"           shift, and go to state 14


state 11

   6) rule : WORD _ ":" words

  ":"           shift, and go to state 15


state 12

   7) rules : rule _ ";"
   8) rules : rule _ ";" rules ";"

  ";"           shift, and go to state 16


state 13

   5) words : words "," WORD _

  $default      reduce using rule 5 (words)


state 14

   3) ruleset : words "{" rules "}" _

  $default      reduce using rule 3 (ruleset)


state 15

   6) rule : WORD ":" _ words

  WORD          shift, and go to state 5

  words         go to state 17

state 16

   7) rules : rule ";" _
   8) rules : rule ";" _ rules ";"

  WORD          shift, and go to state 11
  $default      reduce using rule 7 (rules)

  rule          go to state 12
  rules         go to state 18

state 17

   5) words : words _ "," WORD
   6) rule : WORD ":" words _

  ","           shift, and go to state 8
  $default      reduce using rule 6 (rule)


state 18

   8) rules : rule ";" rules _ ";"

  ";"           shift, and go to state 19


state 19

   8) rules : rule ";" rules ";" _

  $default      reduce using rule 8 (rules)

