
rule 0 ($start) never reduced
rule 2 (rulesets) never reduced
useless nonterminal $start
useless nonterminal rulesets

-------- Grammar --------

rule 1 @1: 
rule 2 rulesets: ruleset rulesets @1 ""
rule 3 ruleset: words "{" rules "}"
rule 4 words: WORD
rule 5 words: words "," WORD
rule 6 rule: WORD ":" words ";"
rule 7 rules: rules rule
rule 8 rules: ""

------- Symbols -------

**Nonterminals, with rules where they appear

  $start (9)
    on right: 
    on left : 
  rulesets (10)
    on right: 2
    on left : 2
  ruleset (11)
    on right: 2
    on left : 3
  @1 (12)
    on right: 2
    on left : 1
  words (13)
    on right: 3 5 6
    on left : 4 5
  rules (14)
    on right: 3 7
    on left : 7 8
  rule (15)
    on right: 7
    on left : 6

**Terminals, with rules where they appear

  $end (0) 
  error (1) 
  "" (2) 2 8
  "{" (3) 3
  "}" (4) 3
  WORD (5) 4 5 6
  "," (6) 5
  ":" (7) 6
  ";" (8) 6

--------- State ---------

state 0


  WORD          shift, and go to state 4

  rulesets      go to state 1
  ruleset       go to state 2
  words         go to state 3

state 1


  $end          shift, and go to state 5


state 2

   2) rulesets : ruleset _ rulesets @1 ""

  WORD          shift, and go to state 4

  ruleset       go to state 2
  rulesets      go to state 6
  words         go to state 3

state 3

   3) ruleset : words _ "{" rules "}"
   5) words : words _ "," WORD

  "{"           shift, and go to state 7
  ","           shift, and go to state 8


state 4

   4) words : WORD _

  $default      reduce using rule 4 (words)


state 5


  $end          shift, and go to state 9


state 6

   2) rulesets : ruleset rulesets _ @1 ""

  $default      reduce using rule 1 (@1)

  @1            go to state 10

state 7

   3) ruleset : words "{" _ rules "}"

  ""            shift, and go to state 12

  rules         go to state 11

state 8

   5) words : words "," _ WORD

  WORD          shift, and go to state 13


state 9


  $default      accept


state 10

   2) rulesets : ruleset rulesets @1 _ ""

  ""            shift, and go to state 14


state 11

   3) ruleset : words "{" rules _ "}"
   7) rules : rules _ rule

  "}"           shift, and go to state 15
  WORD          shift, and go to state 16

  rule          go to state 17

state 12

   8) rules : "" _

  $default      reduce using rule 8 (rules)


state 13

   5) words : words "," WORD _

  $default      reduce using rule 5 (words)


state 14

   2) rulesets : ruleset rulesets @1 "" _

  $default      reduce using rule 2 (rulesets)


state 15

   3) ruleset : words "{" rules "}" _

  $default      reduce using rule 3 (ruleset)


state 16

   6) rule : WORD _ ":" words ";"

  ":"           shift, and go to state 18


state 17

   7) rules : rules rule _

  $default      reduce using rule 7 (rules)


state 18

   6) rule : WORD ":" _ words ";"

  WORD          shift, and go to state 4

  words         go to state 19

state 19

   5) words : words _ "," WORD
   6) rule : WORD ":" words _ ";"

  ","           shift, and go to state 8
  ";"           shift, and go to state 20


state 20

   6) rule : WORD ":" words ";" _

  $default      reduce using rule 6 (rule)

